
===========================================================================
Model "PCB__1_" exists. Name "PCB__1__1" used instead.
===========================================================================

===========================================================================
Model "Seeed_Studio_XIAO-ESP32-S3__Sense_" exists. Name "Seeed_Studio_XIAO-ESP32-S3__S_1" used instead.
===========================================================================

===========================================================================
Model "USB_TYPE_C_PORT" exists. Name "USB_TYPE_C_PORT_1" used instead.
===========================================================================

===========================================================================
Model "USB_TYPE_C_PORT__1_" exists. Name "USB_TYPE_C_PORT__1__1" used instead.
===========================================================================

===========================================================================
Model "BOSS-EXTRUDE14_8_" exists. Name "BOSS-EXTRUDE14_8__1" used instead.
===========================================================================

===========================================================================
Model "BOSS-EXTRUDE7_4_" exists. Name "BOSS-EXTRUDE7_4__1" used instead.
===========================================================================

===========================================================================
Model "BOSS-EXTRUDE7_3_" exists. Name "BOSS-EXTRUDE7_3__1" used instead.
===========================================================================

===========================================================================
Model "BOSS-EXTRUDE14_4_" exists. Name "BOSS-EXTRUDE14_4__1" used instead.
===========================================================================

===========================================================================
Model "BOSS-EXTRUDE14_2_" exists. Name "BOSS-EXTRUDE14_2__1" used instead.
===========================================================================

===========================================================================
Model "BOSS-EXTRUDE14_11_" exists. Name "BOSS-EXTRUDE14_11__1" used instead.
===========================================================================

===========================================================================
Model "BOSS-EXTRUDE7_7_" exists. Name "BOSS-EXTRUDE7_7__1" used instead.
===========================================================================

===========================================================================
Model "BOSS-EXTRUDE14_9_" exists. Name "BOSS-EXTRUDE14_9__1" used instead.
===========================================================================

===========================================================================
Model "BOSS-EXTRUDE14_3_" exists. Name "BOSS-EXTRUDE14_3__1" used instead.
===========================================================================

===========================================================================
Model "BOSS-EXTRUDE14_7_" exists. Name "BOSS-EXTRUDE14_7__1" used instead.
===========================================================================

===========================================================================
Model "MIRROR2" exists. Name "MIRROR2_1" used instead.
===========================================================================

===========================================================================
Model "BOSS-EXTRUDE14_5_" exists. Name "BOSS-EXTRUDE14_5__1" used instead.
===========================================================================

===========================================================================
Model "BOSS-EXTRUDE14_12_" exists. Name "BOSS-EXTRUDE14_12__1" used instead.
===========================================================================

===========================================================================
Model "BOSS-EXTRUDE7_8_" exists. Name "BOSS-EXTRUDE7_8__1" used instead.
===========================================================================

===========================================================================
Model "BOSS-EXTRUDE7_1_" exists. Name "BOSS-EXTRUDE7_1__1" used instead.
===========================================================================

===========================================================================
Model "BOSS-EXTRUDE14_10_" exists. Name "BOSS-EXTRUDE14_10__1" used instead.
===========================================================================

===========================================================================
Model "BOSS-EXTRUDE7_9_" exists. Name "BOSS-EXTRUDE7_9__1" used instead.
===========================================================================

===========================================================================
Model "BOSS-EXTRUDE14_6_" exists. Name "BOSS-EXTRUDE14_6__1" used instead.
===========================================================================

===========================================================================
Model "CHAMFER9" exists. Name "CHAMFER9_1" used instead.
===========================================================================

===========================================================================
Model "BOSS-EXTRUDE14_1_" exists. Name "BOSS-EXTRUDE14_1__1" used instead.
===========================================================================

===========================================================================
Model "BOSS-EXTRUDE7_6_" exists. Name "BOSS-EXTRUDE7_6__1" used instead.
===========================================================================

===========================================================================
Model "BOSS-EXTRUDE7_2_" exists. Name "BOSS-EXTRUDE7_2__1" used instead.
===========================================================================

===========================================================================
Model "CUT-EXTRUDE5" exists. Name "CUT-EXTRUDE5_1" used instead.
===========================================================================

===========================================================================
Model "BOSS-EXTRUDE7_5_" exists. Name "BOSS-EXTRUDE7_5__1" used instead.
===========================================================================

===========================================================================
Model "Shield" exists. Name "Shield_1" used instead.
===========================================================================

===========================================================================
Model "SKTAAAE010_v1" exists. Name "SKTAAAE010_v1_1" used instead.
===========================================================================

===========================================================================
Model "Body" exists. Name "Body_1" used instead.
===========================================================================

===========================================================================
Model "Pins" exists. Name "Pins_1" used instead.
===========================================================================

===========================================================================
Model "U_FL-R-SMT-1_10__v1" exists. Name "U_FL-R-SMT-1_10__v1_1" used instead.
===========================================================================
